This file contains any messages produced by compilers while
running configure, to aid debugging if configure makes a mistake.

It was created by gmediarender configure 0.0.6, which was
generated by GNU Autoconf 2.65.  Invocation command line was

  $ ./configure --build=i686-linux --host=CC=arm-arago-linux-gnueabi --with-libupnp=/root/gmediarender-xmms2/upnp LDFLAGS=-lixml -lthreadutil -L/root/gmediarender-xmms2/upnp/lib CFLAGS=-I/root/gmediarender-xmms2/upnp

## --------- ##
## Platform. ##
## --------- ##

hostname = ubuntu
uname -m = i686
uname -r = 2.6.32-21-generic
uname -s = Linux
uname -v = #32-Ubuntu SMP Fri Apr 16 08:10:02 UTC 2010

/usr/bin/uname -p = unknown
/bin/uname -X     = unknown

/bin/arch              = unknown
/usr/bin/arch -k       = unknown
/usr/convex/getsysinfo = unknown
/usr/bin/hostinfo      = unknown
/bin/machine           = unknown
/usr/bin/oslevel       = unknown
/bin/universe          = unknown

PATH: /usr/local/ti-sdk-am335x-evm/linux-devkit/bin
PATH: /usr/local/ti-sdk-am335x-evm/linux-devkit/bin
PATH: /usr/local/ti-sdk-am335x-evm/linux-devkit/bin
PATH: /opt/jdk1.6.0_23/jre/bin
PATH: /opt/jdk1.6.0_23/bin
PATH: /usr/local/sbin
PATH: /usr/local/bin
PATH: /usr/sbin
PATH: /usr/bin
PATH: /sbin
PATH: /bin
PATH: /usr/games
PATH: /opt/jdk1.6.0_23/bin
PATH: /opt/jdk1.6.0_23/bin/tools.jar
PATH: /opt/jdk1.6.0_23/jre/bin


## ----------- ##
## Core tests. ##
## ----------- ##

configure:1964: loading site script /usr/local/ti-sdk-am335x-evm/linux-devkit/site-config
configure:2095: checking for a BSD-compatible install
configure:2163: result: /usr/bin/install -c
configure:2174: checking whether build environment is sane
configure:2211: result: yes
configure:2273: checking for gawk
configure:2289: found /usr/bin/gawk
configure:2300: result: gawk
configure:2311: checking whether make sets $(MAKE)
configure:2333: result: yes
configure:2407: checking for CC=arm-arago-linux-gnueabi-strip
configure:2434: result: arm-arago-linux-gnueabi-strip
configure:2570: checking for CC=arm-arago-linux-gnueabi-strip
configure:2597: result: arm-arago-linux-gnueabi-strip
configure:2694: checking for style of include used by make
configure:2722: result: GNU
configure:2755: checking for CC=arm-arago-linux-gnueabi-gcc
configure:2782: result: arm-arago-linux-gnueabi-gcc
configure:3051: checking for C compiler version
configure:3060: arm-arago-linux-gnueabi-gcc --version >&5
arm-arago-linux-gnueabi-gcc (GCC) 4.5.3 20110311 (prerelease)
Copyright (C) 2010 Free Software Foundation, Inc.
This is free software; see the source for copying conditions.  There is NO
warranty; not even for MERCHANTABILITY or FITNESS FOR A PARTICULAR PURPOSE.

configure:3071: $? = 0
configure:3060: arm-arago-linux-gnueabi-gcc -v >&5
Using built-in specs.
COLLECT_GCC=arm-arago-linux-gnueabi-gcc
Target: arm-arago-linux-gnueabi
Configured with: /sim/scratch_a0850442/arago-tmp-arago/work/i686-armv7a-sdk-arago-linux-gnueabi/gcc-cross-sdk-4.5-r41.2+svnr170880/gcc-4_5-branch/configure --build=i686-linux --host=i686-linux --target=arm-arago-linux-gnueabi --prefix=/arago-2011.09/armv7a --exec_prefix=/arago-2011.09/armv7a --bindir=/arago-2011.09/armv7a/bin --sbindir=/arago-2011.09/armv7a/bin --libexecdir=/arago-2011.09/armv7a/libexec --datadir=/arago-2011.09/armv7a/share --sysconfdir=/arago-2011.09/armv7a/etc --sharedstatedir=/arago-2011.09/armv7a/share/com --localstatedir=/arago-2011.09/armv7a/var --libdir=/arago-2011.09/armv7a/lib --includedir=/arago-2011.09/armv7a/include --oldincludedir=/arago-2011.09/armv7a/include --infodir=/arago-2011.09/armv7a/share/info --mandir=/arago-2011.09/armv7a/share/man --enable-largefile --disable-nls --enable-ipv6 --with-gnu-ld --enable-shared --enable-languages=c,c++,objc,fortran --enable-threads=posix --disable-multilib --enable-c99 --enable-long-long --enable-symvers=gnu --enable-libstdcxx-pch --program-prefix=arm-arago-linux-gnueabi- --enable-target-optspace --enable-lto --enable-libssp --disable-bootstrap --disable-libgomp --disable-libmudflap --with-float=softfp --with-sysroot=/arago-2011.09/armv7a/arm-arago-linux-gnueabi --with-build-time-tools=/sim/scratch_a0850442/arago-tmp-arago/sysroots/i686-linux/usr/armv7a/arm-arago-linux-gnueabi/bin --with-build-sysroot=/sim/scratch_a0850442/arago-tmp-arago/sysroots/armv7a-arago-linux-gnueabi --disable-libunwind-exceptions --with-mpfr=/sim/scratch_a0850442/arago-tmp-arago/sysroots/i686-linux/usr --with-system-zlib --enable-__cxa_atexit
Thread model: posix
gcc version 4.5.3 20110311 (prerelease) (GCC) 
configure:3071: $? = 0
configure:3060: arm-arago-linux-gnueabi-gcc -V >&5
arm-arago-linux-gnueabi-gcc: '-V' option must have argument
configure:3071: $? = 1
configure:3060: arm-arago-linux-gnueabi-gcc -qversion >&5
arm-arago-linux-gnueabi-gcc: unrecognized option '-qversion'
arm-arago-linux-gnueabi-gcc: no input files
configure:3071: $? = 1
configure:3091: checking whether the C compiler works
configure:3113: arm-arago-linux-gnueabi-gcc -I/root/gmediarender-xmms2/upnp  -lixml -lthreadutil -L/root/gmediarender-xmms2/upnp/lib conftest.c  >&5
conftest.c:12:0: warning: "PACKAGE" redefined
conftest.c:10:0: note: this is the location of the previous definition
conftest.c:13:0: warning: "VERSION" redefined
conftest.c:11:0: note: this is the location of the previous definition
/usr/local/ti-sdk-am335x-evm/linux-devkit/bin/../lib/gcc/arm-arago-linux-gnueabi/4.5.3/../../../../arm-arago-linux-gnueabi/bin/ld: skipping incompatible ../../lib/libc.so.6 when searching for ../../lib/libc.so.6
configure:3117: $? = 0
configure:3166: result: yes
configure:3169: checking for C compiler default output file name
configure:3171: result: a.out
configure:3177: checking for suffix of executables
configure:3184: arm-arago-linux-gnueabi-gcc -o conftest -I/root/gmediarender-xmms2/upnp  -lixml -lthreadutil -L/root/gmediarender-xmms2/upnp/lib conftest.c  >&5
conftest.c:12:0: warning: "PACKAGE" redefined
conftest.c:10:0: note: this is the location of the previous definition
conftest.c:13:0: warning: "VERSION" redefined
conftest.c:11:0: note: this is the location of the previous definition
/usr/local/ti-sdk-am335x-evm/linux-devkit/bin/../lib/gcc/arm-arago-linux-gnueabi/4.5.3/../../../../arm-arago-linux-gnueabi/bin/ld: skipping incompatible ../../lib/libc.so.6 when searching for ../../lib/libc.so.6
configure:3188: $? = 0
configure:3210: result: 
configure:3232: checking whether we are cross compiling
configure:3270: result: yes
configure:3275: checking for suffix of object files
configure:3297: arm-arago-linux-gnueabi-gcc -c -I/root/gmediarender-xmms2/upnp  conftest.c >&5
conftest.c:12:0: warning: "PACKAGE" redefined
conftest.c:10:0: note: this is the location of the previous definition
conftest.c:13:0: warning: "VERSION" redefined
conftest.c:11:0: note: this is the location of the previous definition
configure:3301: $? = 0
configure:3322: result: o
configure:3326: checking whether we are using the GNU C compiler
configure:3345: arm-arago-linux-gnueabi-gcc -c -I/root/gmediarender-xmms2/upnp  conftest.c >&5
conftest.c:12:0: warning: "PACKAGE" redefined
conftest.c:10:0: note: this is the location of the previous definition
conftest.c:13:0: warning: "VERSION" redefined
conftest.c:11:0: note: this is the location of the previous definition
configure:3345: $? = 0
configure:3354: result: yes
configure:3363: checking whether arm-arago-linux-gnueabi-gcc accepts -g
configure:3383: arm-arago-linux-gnueabi-gcc -c -g  conftest.c >&5
conftest.c:12:0: warning: "PACKAGE" redefined
conftest.c:10:0: note: this is the location of the previous definition
conftest.c:13:0: warning: "VERSION" redefined
conftest.c:11:0: note: this is the location of the previous definition
configure:3383: $? = 0
configure: failed program was:
| /* confdefs.h */
| #define PACKAGE_NAME "gmediarender"
| #define PACKAGE_TARNAME "gmediarender"
| #define PACKAGE_VERSION "0.0.6"
| #define PACKAGE_STRING "gmediarender 0.0.6"
| #define PACKAGE_BUGREPORT "http://gmrender.nongnu.org"
| #define PACKAGE_URL ""
| #define PACKAGE "gmediarender"
| #define VERSION "0.0.6"
| #define PACKAGE "gmediarender"
| #define VERSION "0.0.6"
| #define PACKAGE gmediarender
| #define VERSION 0.0.6
| /* end confdefs.h.  */
| 
| int
| main ()
| {
| 
|   ;
|   return 0;
| }
configure:3398: arm-arago-linux-gnueabi-gcc -c   conftest.c >&5
conftest.c:12:0: warning: "PACKAGE" redefined
conftest.c:10:0: note: this is the location of the previous definition
conftest.c:13:0: warning: "VERSION" redefined
conftest.c:11:0: note: this is the location of the previous definition
configure:3398: $? = 0
configure: failed program was:
| /* confdefs.h */
| #define PACKAGE_NAME "gmediarender"
| #define PACKAGE_TARNAME "gmediarender"
| #define PACKAGE_VERSION "0.0.6"
| #define PACKAGE_STRING "gmediarender 0.0.6"
| #define PACKAGE_BUGREPORT "http://gmrender.nongnu.org"
| #define PACKAGE_URL ""
| #define PACKAGE "gmediarender"
| #define VERSION "0.0.6"
| #define PACKAGE "gmediarender"
| #define VERSION "0.0.6"
| #define PACKAGE gmediarender
| #define VERSION 0.0.6
| /* end confdefs.h.  */
| 
| int
| main ()
| {
| 
|   ;
|   return 0;
| }
configure:3414: arm-arago-linux-gnueabi-gcc -c -g  conftest.c >&5
conftest.c:12:0: warning: "PACKAGE" redefined
conftest.c:10:0: note: this is the location of the previous definition
conftest.c:13:0: warning: "VERSION" redefined
conftest.c:11:0: note: this is the location of the previous definition
configure:3414: $? = 0
configure:3424: result: yes
configure:3441: checking for arm-arago-linux-gnueabi-gcc option to accept ISO C89
configure:3505: arm-arago-linux-gnueabi-gcc  -c -I/root/gmediarender-xmms2/upnp  conftest.c >&5
conftest.c:12:0: warning: "PACKAGE" redefined
conftest.c:10:0: note: this is the location of the previous definition
conftest.c:13:0: warning: "VERSION" redefined
conftest.c:11:0: note: this is the location of the previous definition
configure:3505: $? = 0
configure:3518: result: none needed
configure:3540: checking dependency style of arm-arago-linux-gnueabi-gcc
configure:3630: result: gcc3
configure:3649: checking dependency style of arm-arago-linux-gnueabi-gcc
configure:3739: result: gcc3
configure:3764: checking for special C compiler options needed for large files
configure:3809: result: no
configure:3815: checking for _FILE_OFFSET_BITS value needed for large files
configure:3840: arm-arago-linux-gnueabi-gcc -c -I/root/gmediarender-xmms2/upnp  conftest.c >&5
conftest.c:12:0: warning: "PACKAGE" redefined
conftest.c:10:0: note: this is the location of the previous definition
conftest.c:13:0: warning: "VERSION" redefined
conftest.c:11:0: note: this is the location of the previous definition
conftest.c:21:3: warning: left shift count >= width of type
conftest.c:21:3: warning: left shift count >= width of type
conftest.c:22:10: warning: left shift count >= width of type
conftest.c:22:10: warning: left shift count >= width of type
conftest.c:21:7: error: size of array 'off_t_is_large' is negative
conftest.c:23:9: warning: variably modified 'off_t_is_large' at file scope
configure:3840: $? = 1
configure: failed program was:
| /* confdefs.h */
| #define PACKAGE_NAME "gmediarender"
| #define PACKAGE_TARNAME "gmediarender"
| #define PACKAGE_VERSION "0.0.6"
| #define PACKAGE_STRING "gmediarender 0.0.6"
| #define PACKAGE_BUGREPORT "http://gmrender.nongnu.org"
| #define PACKAGE_URL ""
| #define PACKAGE "gmediarender"
| #define VERSION "0.0.6"
| #define PACKAGE "gmediarender"
| #define VERSION "0.0.6"
| #define PACKAGE gmediarender
| #define VERSION 0.0.6
| /* end confdefs.h.  */
| #include <sys/types.h>
|  /* Check that off_t can represent 2**63 - 1 correctly.
|     We can't simply define LARGE_OFF_T to be 9223372036854775807,
|     since some C++ compilers masquerading as C compilers
|     incorrectly reject 9223372036854775807.  */
| #define LARGE_OFF_T (((off_t) 1 << 62) - 1 + ((off_t) 1 << 62))
|   int off_t_is_large[(LARGE_OFF_T % 2147483629 == 721
| 		       && LARGE_OFF_T % 2147483647 == 1)
| 		      ? 1 : -1];
| int
| main ()
| {
| 
|   ;
|   return 0;
| }
configure:3864: arm-arago-linux-gnueabi-gcc -c -I/root/gmediarender-xmms2/upnp  conftest.c >&5
conftest.c:12:0: warning: "PACKAGE" redefined
conftest.c:10:0: note: this is the location of the previous definition
conftest.c:13:0: warning: "VERSION" redefined
conftest.c:11:0: note: this is the location of the previous definition
configure:3864: $? = 0
configure:3872: result: 64
configure:3970: checking for CC=arm-arago-linux-gnueabi-gcc
configure:3997: result: arm-arago-linux-gnueabi-gcc
configure:4266: checking for C compiler version
configure:4275: arm-arago-linux-gnueabi-gcc --version >&5
arm-arago-linux-gnueabi-gcc (GCC) 4.5.3 20110311 (prerelease)
Copyright (C) 2010 Free Software Foundation, Inc.
This is free software; see the source for copying conditions.  There is NO
warranty; not even for MERCHANTABILITY or FITNESS FOR A PARTICULAR PURPOSE.

configure:4286: $? = 0
configure:4275: arm-arago-linux-gnueabi-gcc -v >&5
Using built-in specs.
COLLECT_GCC=arm-arago-linux-gnueabi-gcc
Target: arm-arago-linux-gnueabi
Configured with: /sim/scratch_a0850442/arago-tmp-arago/work/i686-armv7a-sdk-arago-linux-gnueabi/gcc-cross-sdk-4.5-r41.2+svnr170880/gcc-4_5-branch/configure --build=i686-linux --host=i686-linux --target=arm-arago-linux-gnueabi --prefix=/arago-2011.09/armv7a --exec_prefix=/arago-2011.09/armv7a --bindir=/arago-2011.09/armv7a/bin --sbindir=/arago-2011.09/armv7a/bin --libexecdir=/arago-2011.09/armv7a/libexec --datadir=/arago-2011.09/armv7a/share --sysconfdir=/arago-2011.09/armv7a/etc --sharedstatedir=/arago-2011.09/armv7a/share/com --localstatedir=/arago-2011.09/armv7a/var --libdir=/arago-2011.09/armv7a/lib --includedir=/arago-2011.09/armv7a/include --oldincludedir=/arago-2011.09/armv7a/include --infodir=/arago-2011.09/armv7a/share/info --mandir=/arago-2011.09/armv7a/share/man --enable-largefile --disable-nls --enable-ipv6 --with-gnu-ld --enable-shared --enable-languages=c,c++,objc,fortran --enable-threads=posix --disable-multilib --enable-c99 --enable-long-long --enable-symvers=gnu --enable-libstdcxx-pch --program-prefix=arm-arago-linux-gnueabi- --enable-target-optspace --enable-lto --enable-libssp --disable-bootstrap --disable-libgomp --disable-libmudflap --with-float=softfp --with-sysroot=/arago-2011.09/armv7a/arm-arago-linux-gnueabi --with-build-time-tools=/sim/scratch_a0850442/arago-tmp-arago/sysroots/i686-linux/usr/armv7a/arm-arago-linux-gnueabi/bin --with-build-sysroot=/sim/scratch_a0850442/arago-tmp-arago/sysroots/armv7a-arago-linux-gnueabi --disable-libunwind-exceptions --with-mpfr=/sim/scratch_a0850442/arago-tmp-arago/sysroots/i686-linux/usr --with-system-zlib --enable-__cxa_atexit
Thread model: posix
gcc version 4.5.3 20110311 (prerelease) (GCC) 
configure:4286: $? = 0
configure:4275: arm-arago-linux-gnueabi-gcc -V >&5
arm-arago-linux-gnueabi-gcc: '-V' option must have argument
configure:4286: $? = 1
configure:4275: arm-arago-linux-gnueabi-gcc -qversion >&5
arm-arago-linux-gnueabi-gcc: unrecognized option '-qversion'
arm-arago-linux-gnueabi-gcc: no input files
configure:4286: $? = 1
configure:4290: checking whether we are using the GNU C compiler
configure:4318: result: yes
configure:4327: checking whether arm-arago-linux-gnueabi-gcc accepts -g
configure:4388: result: yes
configure:4405: checking for arm-arago-linux-gnueabi-gcc option to accept ISO C89
configure:4482: result: none needed
configure:4504: checking dependency style of arm-arago-linux-gnueabi-gcc
configure:4594: result: gcc3
configure:4613: checking dependency style of arm-arago-linux-gnueabi-gcc
configure:4703: result: gcc3
configure:4721: checking whether make sets $(MAKE)
configure:4743: result: yes
configure:4773: checking for CC=arm-arago-linux-gnueabi-pkg-config
configure:4806: result: no
configure:4816: checking for pkg-config
configure:4834: found /usr/local/ti-sdk-am335x-evm/linux-devkit/bin/pkg-config
configure:4846: result: /usr/local/ti-sdk-am335x-evm/linux-devkit/bin/pkg-config
configure:4858: WARNING: using cross tools not prefixed with host triplet
configure:4871: checking pkg-config is at least version 0.9.0
configure:4874: result: yes
configure:4885: checking for GST
configure:4893: $PKG_CONFIG --exists --print-errors "gstreamer-$GST_MAJORMINOR >= $GST_REQS"
configure:4896: $? = 0
configure:4911: $PKG_CONFIG --exists --print-errors "gstreamer-$GST_MAJORMINOR >= $GST_REQS"
configure:4914: $? = 0
configure:4950: result: yes
configure:4960: checking how to run the C preprocessor
configure:5030: result: arm-arago-linux-gnueabi-gcc -E
configure:5050: arm-arago-linux-gnueabi-gcc -E  conftest.c
conftest.c:12:0: warning: "PACKAGE" redefined
conftest.c:10:0: note: this is the location of the previous definition
conftest.c:13:0: warning: "VERSION" redefined
conftest.c:11:0: note: this is the location of the previous definition
configure:5050: $? = 0
configure:5064: arm-arago-linux-gnueabi-gcc -E  conftest.c
conftest.c:12:0: warning: "PACKAGE" redefined
conftest.c:10:0: note: this is the location of the previous definition
conftest.c:13:0: warning: "VERSION" redefined
conftest.c:11:0: note: this is the location of the previous definition
conftest.c:16:28: fatal error: ac_nonexistent.h: No such file or directory
compilation terminated.
configure:5064: $? = 1
configure: failed program was:
| /* confdefs.h */
| #define PACKAGE_NAME "gmediarender"
| #define PACKAGE_TARNAME "gmediarender"
| #define PACKAGE_VERSION "0.0.6"
| #define PACKAGE_STRING "gmediarender 0.0.6"
| #define PACKAGE_BUGREPORT "http://gmrender.nongnu.org"
| #define PACKAGE_URL ""
| #define PACKAGE "gmediarender"
| #define VERSION "0.0.6"
| #define PACKAGE "gmediarender"
| #define VERSION "0.0.6"
| #define PACKAGE gmediarender
| #define VERSION 0.0.6
| #define _FILE_OFFSET_BITS 64
| /* end confdefs.h.  */
| #include <ac_nonexistent.h>
configure:5093: checking for grep that handles long lines and -e
configure:5151: result: /bin/grep
configure:5156: checking for egrep
configure:5218: result: /bin/grep -E
configure:5223: checking for ANSI C header files
configure:5243: arm-arago-linux-gnueabi-gcc -c -Wall -Wpointer-arith -Wcast-align -Wmissing-prototypes -Wmissing-declarations  conftest.c >&5
conftest.c:12:0: warning: "PACKAGE" redefined
conftest.c:10:0: note: this is the location of the previous definition
conftest.c:13:0: warning: "VERSION" redefined
conftest.c:11:0: note: this is the location of the previous definition
configure:5243: $? = 0
conftest.c:12:0: warning: "PACKAGE" redefined
conftest.c:10:0: note: this is the location of the previous definition
conftest.c:13:0: warning: "VERSION" redefined
conftest.c:11:0: note: this is the location of the previous definition
conftest.c:12:0: warning: "PACKAGE" redefined
conftest.c:10:0: note: this is the location of the previous definition
conftest.c:13:0: warning: "VERSION" redefined
conftest.c:11:0: note: this is the location of the previous definition
configure:5327: result: yes
configure:5340: checking for sys/types.h
configure:5340: arm-arago-linux-gnueabi-gcc -c -Wall -Wpointer-arith -Wcast-align -Wmissing-prototypes -Wmissing-declarations  conftest.c >&5
conftest.c:12:0: warning: "PACKAGE" redefined
conftest.c:10:0: note: this is the location of the previous definition
conftest.c:13:0: warning: "VERSION" redefined
conftest.c:11:0: note: this is the location of the previous definition
configure:5340: $? = 0
configure:5340: result: yes
configure:5340: checking for sys/stat.h
configure:5340: arm-arago-linux-gnueabi-gcc -c -Wall -Wpointer-arith -Wcast-align -Wmissing-prototypes -Wmissing-declarations  conftest.c >&5
conftest.c:12:0: warning: "PACKAGE" redefined
conftest.c:10:0: note: this is the location of the previous definition
conftest.c:13:0: warning: "VERSION" redefined
conftest.c:11:0: note: this is the location of the previous definition
configure:5340: $? = 0
configure:5340: result: yes
configure:5340: checking for stdlib.h
configure:5340: arm-arago-linux-gnueabi-gcc -c -Wall -Wpointer-arith -Wcast-align -Wmissing-prototypes -Wmissing-declarations  conftest.c >&5
conftest.c:12:0: warning: "PACKAGE" redefined
conftest.c:10:0: note: this is the location of the previous definition
conftest.c:13:0: warning: "VERSION" redefined
conftest.c:11:0: note: this is the location of the previous definition
configure:5340: $? = 0
configure:5340: result: yes
configure:5340: checking for string.h
configure:5340: arm-arago-linux-gnueabi-gcc -c -Wall -Wpointer-arith -Wcast-align -Wmissing-prototypes -Wmissing-declarations  conftest.c >&5
conftest.c:12:0: warning: "PACKAGE" redefined
conftest.c:10:0: note: this is the location of the previous definition
conftest.c:13:0: warning: "VERSION" redefined
conftest.c:11:0: note: this is the location of the previous definition
configure:5340: $? = 0
configure:5340: result: yes
configure:5340: checking for memory.h
configure:5340: arm-arago-linux-gnueabi-gcc -c -Wall -Wpointer-arith -Wcast-align -Wmissing-prototypes -Wmissing-declarations  conftest.c >&5
conftest.c:12:0: warning: "PACKAGE" redefined
conftest.c:10:0: note: this is the location of the previous definition
conftest.c:13:0: warning: "VERSION" redefined
conftest.c:11:0: note: this is the location of the previous definition
configure:5340: $? = 0
configure:5340: result: yes
configure:5340: checking for strings.h
configure:5340: arm-arago-linux-gnueabi-gcc -c -Wall -Wpointer-arith -Wcast-align -Wmissing-prototypes -Wmissing-declarations  conftest.c >&5
conftest.c:12:0: warning: "PACKAGE" redefined
conftest.c:10:0: note: this is the location of the previous definition
conftest.c:13:0: warning: "VERSION" redefined
conftest.c:11:0: note: this is the location of the previous definition
configure:5340: $? = 0
configure:5340: result: yes
configure:5340: checking for inttypes.h
configure:5340: arm-arago-linux-gnueabi-gcc -c -Wall -Wpointer-arith -Wcast-align -Wmissing-prototypes -Wmissing-declarations  conftest.c >&5
conftest.c:12:0: warning: "PACKAGE" redefined
conftest.c:10:0: note: this is the location of the previous definition
conftest.c:13:0: warning: "VERSION" redefined
conftest.c:11:0: note: this is the location of the previous definition
configure:5340: $? = 0
configure:5340: result: yes
configure:5340: checking for stdint.h
configure:5340: arm-arago-linux-gnueabi-gcc -c -Wall -Wpointer-arith -Wcast-align -Wmissing-prototypes -Wmissing-declarations  conftest.c >&5
conftest.c:12:0: warning: "PACKAGE" redefined
conftest.c:10:0: note: this is the location of the previous definition
conftest.c:13:0: warning: "VERSION" redefined
conftest.c:11:0: note: this is the location of the previous definition
configure:5340: $? = 0
configure:5340: result: yes
configure:5340: checking for unistd.h
configure:5340: arm-arago-linux-gnueabi-gcc -c -Wall -Wpointer-arith -Wcast-align -Wmissing-prototypes -Wmissing-declarations  conftest.c >&5
conftest.c:12:0: warning: "PACKAGE" redefined
conftest.c:10:0: note: this is the location of the previous definition
conftest.c:13:0: warning: "VERSION" redefined
conftest.c:11:0: note: this is the location of the previous definition
configure:5340: $? = 0
configure:5340: result: yes
configure:5375: checking upnp.h usability
configure:5375: arm-arago-linux-gnueabi-gcc -c -Wall -Wpointer-arith -Wcast-align -Wmissing-prototypes -Wmissing-declarations  -I/root/gmediarender-xmms2/upnp/include/upnp conftest.c >&5
conftest.c:12:0: warning: "PACKAGE" redefined
conftest.c:10:0: note: this is the location of the previous definition
conftest.c:13:0: warning: "VERSION" redefined
conftest.c:11:0: note: this is the location of the previous definition
configure:5375: $? = 0
configure:5375: result: yes
configure:5375: checking upnp.h presence
configure:5375: arm-arago-linux-gnueabi-gcc -E  -I/root/gmediarender-xmms2/upnp/include/upnp conftest.c
conftest.c:12:0: warning: "PACKAGE" redefined
conftest.c:10:0: note: this is the location of the previous definition
conftest.c:13:0: warning: "VERSION" redefined
conftest.c:11:0: note: this is the location of the previous definition
configure:5375: $? = 0
configure:5375: result: yes
configure:5375: checking for upnp.h
configure:5375: result: yes
configure:5380: checking for UpnpInit in -lupnp
configure:5405: arm-arago-linux-gnueabi-gcc -o conftest -Wall -Wpointer-arith -Wcast-align -Wmissing-prototypes -Wmissing-declarations  -I/root/gmediarender-xmms2/upnp/include/upnp -lixml -lthreadutil -L/root/gmediarender-xmms2/upnp/lib -L/root/gmediarender-xmms2/upnp/lib conftest.c -lupnp   >&5
conftest.c:12:0: warning: "PACKAGE" redefined
conftest.c:10:0: note: this is the location of the previous definition
conftest.c:13:0: warning: "VERSION" redefined
conftest.c:11:0: note: this is the location of the previous definition
/usr/local/ti-sdk-am335x-evm/linux-devkit/bin/../lib/gcc/arm-arago-linux-gnueabi/4.5.3/../../../../arm-arago-linux-gnueabi/bin/ld: skipping incompatible ../../lib/libc.so.6 when searching for ../../lib/libc.so.6
configure:5405: $? = 0
configure:5414: result: yes
configure:5453: checking for ANSI C header files
configure:5557: result: yes
configure:5690: creating ./config.status

## ---------------------- ##
## Running config.status. ##
## ---------------------- ##

This file was extended by gmediarender config.status 0.0.6, which was
generated by GNU Autoconf 2.65.  Invocation command line was

  CONFIG_FILES    = 
  CONFIG_HEADERS  = 
  CONFIG_LINKS    = 
  CONFIG_COMMANDS = 
  $ ./config.status 

on ubuntu

config.status:863: creating Makefile
config.status:966: WARNING:  'Makefile.in' seems to ignore the --datarootdir setting
config.status:863: creating src/Makefile
config.status:966: WARNING:  'src/Makefile.in' seems to ignore the --datarootdir setting
config.status:863: creating data/Makefile
config.status:966: WARNING:  'data/Makefile.in' seems to ignore the --datarootdir setting
config.status:863: creating config.h
config.status:1076: executing depfiles commands

## ---------------- ##
## Cache variables. ##
## ---------------- ##

ac_cv_c_compiler_gnu=yes
ac_cv_env_CC_set=set
ac_cv_env_CC_value=arm-arago-linux-gnueabi-gcc
ac_cv_env_CFLAGS_set=set
ac_cv_env_CFLAGS_value=-I/root/gmediarender-xmms2/upnp
ac_cv_env_CPPFLAGS_set=
ac_cv_env_CPPFLAGS_value=
ac_cv_env_CPP_set=set
ac_cv_env_CPP_value='arm-arago-linux-gnueabi-gcc -E'
ac_cv_env_GST_CFLAGS_set=
ac_cv_env_GST_CFLAGS_value=
ac_cv_env_GST_LIBS_set=
ac_cv_env_GST_LIBS_value=
ac_cv_env_LDFLAGS_set=set
ac_cv_env_LDFLAGS_value='-lixml -lthreadutil -L/root/gmediarender-xmms2/upnp/lib'
ac_cv_env_LIBS_set=
ac_cv_env_LIBS_value=
ac_cv_env_PKG_CONFIG_set=
ac_cv_env_PKG_CONFIG_value=
ac_cv_env_build_alias_set=set
ac_cv_env_build_alias_value=i686-linux
ac_cv_env_host_alias_set=set
ac_cv_env_host_alias_value=CC=arm-arago-linux-gnueabi
ac_cv_env_target_alias_set=
ac_cv_env_target_alias_value=
ac_cv_header_inttypes_h=yes
ac_cv_header_memory_h=yes
ac_cv_header_stdc=yes
ac_cv_header_stdint_h=yes
ac_cv_header_stdlib_h=yes
ac_cv_header_string_h=yes
ac_cv_header_strings_h=yes
ac_cv_header_sys_stat_h=yes
ac_cv_header_sys_types_h=yes
ac_cv_header_unistd_h=yes
ac_cv_header_upnp_h=yes
ac_cv_lib_upnp_UpnpInit=yes
ac_cv_objext=o
ac_cv_path_EGREP='/bin/grep -E'
ac_cv_path_GREP=/bin/grep
ac_cv_path_ac_pt_PKG_CONFIG=/usr/local/ti-sdk-am335x-evm/linux-devkit/bin/pkg-config
ac_cv_path_install='/usr/bin/install -c'
ac_cv_prog_AWK=gawk
ac_cv_prog_CC=arm-arago-linux-gnueabi-gcc
ac_cv_prog_CPP='arm-arago-linux-gnueabi-gcc -E'
ac_cv_prog_STRIP=arm-arago-linux-gnueabi-strip
ac_cv_prog_cc_c89=
ac_cv_prog_cc_g=yes
ac_cv_prog_make_make_set=yes
ac_cv_sys_file_offset_bits=64
ac_cv_sys_largefile_CC=no
am_cv_CC_dependencies_compiler_type=gcc3
pkg_cv_GST_CFLAGS='-pthread -I/usr/local/ti-sdk-am335x-evm/linux-devkit/arm-arago-linux-gnueabi/usr/include/gstreamer-0.10 -I/usr/local/ti-sdk-am335x-evm/linux-devkit/arm-arago-linux-gnueabi/usr/include/glib-2.0 -I/usr/local/ti-sdk-am335x-evm/linux-devkit/arm-arago-linux-gnueabi/usr/lib/glib-2.0/include -I/usr/local/ti-sdk-am335x-evm/linux-devkit/arm-arago-linux-gnueabi/usr/include/libxml2  '
pkg_cv_GST_LIBS='-pthread -L/usr/local/ti-sdk-am335x-evm/linux-devkit/arm-arago-linux-gnueabi/usr/lib -lgstreamer-0.10 -lgobject-2.0 -lgmodule-2.0 -lxml2 -lgthread-2.0 -lrt -lglib-2.0  '

## ----------------- ##
## Output variables. ##
## ----------------- ##

ACLOCAL='${SHELL} /root/gmediarender-xmms2/config/missing --run aclocal-1.9'
AMDEPBACKSLASH='\'
AMDEP_FALSE='#'
AMDEP_TRUE=''
AMTAR='${SHELL} /root/gmediarender-xmms2/config/missing --run tar'
AUTOCONF='${SHELL} /root/gmediarender-xmms2/config/missing --run autoconf'
AUTOHEADER='${SHELL} /root/gmediarender-xmms2/config/missing --run autoheader'
AUTOMAKE='${SHELL} /root/gmediarender-xmms2/config/missing --run automake-1.9'
AWK='gawk'
CC='arm-arago-linux-gnueabi-gcc'
CCDEPMODE='depmode=gcc3'
CFLAGS='-Wall -Wpointer-arith -Wcast-align -Wmissing-prototypes -Wmissing-declarations'
CPP='arm-arago-linux-gnueabi-gcc -E'
CPPFLAGS=''
CYGPATH_W='echo'
DEFS='-DHAVE_CONFIG_H'
DEPDIR='.deps'
ECHO_C=''
ECHO_N='-n'
ECHO_T=''
EGREP='/bin/grep -E'
EXEEXT=''
GREP='/bin/grep'
GST_CFLAGS='-pthread -I/usr/local/ti-sdk-am335x-evm/linux-devkit/arm-arago-linux-gnueabi/usr/include/gstreamer-0.10 -I/usr/local/ti-sdk-am335x-evm/linux-devkit/arm-arago-linux-gnueabi/usr/include/glib-2.0 -I/usr/local/ti-sdk-am335x-evm/linux-devkit/arm-arago-linux-gnueabi/usr/lib/glib-2.0/include -I/usr/local/ti-sdk-am335x-evm/linux-devkit/arm-arago-linux-gnueabi/usr/include/libxml2  '
GST_LIBS='-pthread -L/usr/local/ti-sdk-am335x-evm/linux-devkit/arm-arago-linux-gnueabi/usr/lib -lgstreamer-0.10 -lgobject-2.0 -lgmodule-2.0 -lxml2 -lgthread-2.0 -lrt -lglib-2.0  '
INSTALL_DATA='${INSTALL} -m 644'
INSTALL_PROGRAM='${INSTALL}'
INSTALL_SCRIPT='${INSTALL}'
INSTALL_STRIP_PROGRAM='${SHELL} $(install_sh) -c -s'
LDFLAGS='-lixml -lthreadutil -L/root/gmediarender-xmms2/upnp/lib'
LIBOBJS=''
LIBS=''
LTLIBOBJS=''
MAKEINFO='${SHELL} /root/gmediarender-xmms2/config/missing --run makeinfo'
OBJEXT='o'
PACKAGE='gmediarender'
PACKAGE_BUGREPORT='http://gmrender.nongnu.org'
PACKAGE_NAME='gmediarender'
PACKAGE_STRING='gmediarender 0.0.6'
PACKAGE_TARNAME='gmediarender'
PACKAGE_URL=''
PACKAGE_VERSION='0.0.6'
PATH_SEPARATOR=':'
PKG_CONFIG='/usr/local/ti-sdk-am335x-evm/linux-devkit/bin/pkg-config'
SET_MAKE=''
SHELL='/bin/bash'
STRIP='arm-arago-linux-gnueabi-strip'
UPNP_CPPFLAGS='-I/root/gmediarender-xmms2/upnp/include/upnp'
UPNP_LDFLAGS='-L/root/gmediarender-xmms2/upnp/lib'
UPNP_LIBS='-lupnp'
VERSION='0.0.6'
ac_ct_CC=''
am__fastdepCC_FALSE='#'
am__fastdepCC_TRUE=''
am__include='include'
am__leading_dot='.'
am__quote=''
am__tar='${AMTAR} chof - "$$tardir"'
am__untar='${AMTAR} xf -'
bindir='${exec_prefix}/bin'
build_alias='i686-linux'
datadir='${datarootdir}'
datarootdir='${prefix}/share'
docdir='${datarootdir}/doc/${PACKAGE_TARNAME}'
dvidir='${docdir}'
exec_prefix='${prefix}'
host_alias='CC=arm-arago-linux-gnueabi'
htmldir='${docdir}'
includedir='${prefix}/include'
infodir='${datarootdir}/info'
install_sh='/root/gmediarender-xmms2/config/install-sh'
libdir='${exec_prefix}/lib'
libexecdir='${exec_prefix}/libexec'
localedir='${datarootdir}/locale'
localstatedir='${prefix}/var'
mandir='${datarootdir}/man'
mkdir_p='mkdir -p --'
oldincludedir='/usr/include'
pdfdir='${docdir}'
prefix='/usr/local'
program_transform_name='s,x,x,'
psdir='${docdir}'
sbindir='${exec_prefix}/sbin'
sharedstatedir='${prefix}/com'
sysconfdir='${prefix}/etc'
target_alias=''

## ----------- ##
## confdefs.h. ##
## ----------- ##

/* confdefs.h */
#define PACKAGE_NAME "gmediarender"
#define PACKAGE_TARNAME "gmediarender"
#define PACKAGE_VERSION "0.0.6"
#define PACKAGE_STRING "gmediarender 0.0.6"
#define PACKAGE_BUGREPORT "http://gmrender.nongnu.org"
#define PACKAGE_URL ""
#define PACKAGE "gmediarender"
#define VERSION "0.0.6"
#define PACKAGE "gmediarender"
#define VERSION "0.0.6"
#define PACKAGE gmediarender
#define VERSION 0.0.6
#define _FILE_OFFSET_BITS 64
#define STDC_HEADERS 1
#define HAVE_SYS_TYPES_H 1
#define HAVE_SYS_STAT_H 1
#define HAVE_STDLIB_H 1
#define HAVE_STRING_H 1
#define HAVE_MEMORY_H 1
#define HAVE_STRINGS_H 1
#define HAVE_INTTYPES_H 1
#define HAVE_STDINT_H 1
#define HAVE_UNISTD_H 1
#define HAVE_LIBUPNP 1
#define STDC_HEADERS 1

configure: exit 0
