Terminals unused in grammar

   INFO


Grammar

    0 $accept: input $end

    1 input: command ';'
    2      | input command ';'

    3 command: /* empty */
    4        | cond
    5        | list
    6        | result
    7        | fetch_list
    8        | add
    9        | del
   10        | set
   11        | HELP
   12        | VARS
   13        | EXIT
   14        | COND_VAR '=' cond
   15        | LIST_VAR '=' list
   16        | FETCH_VAR '=' fetch_list
   17        | PREF_VAR '=' pref
   18        | RESULT_VAR '=' result

   19 set: SET string string
   20    | SET string
   21    | SET

   22 add: ADD list ',' list

   23 del: DEL list ',' list

   24 range: INT '-' INT
   25      | INT '-'
   26      | '-' INT
   27      | '-'
   28      | INT

   29 pref_data: string
   30          | pref_data ':' string

   31 pref: PREF_VAR
   32     | ':' pref_data

   33 list_data: string value string
   34          | string value

   35 list_datas: list_data
   36           | list_datas ',' list_data

   37 list: LIST_VAR
   38     | '[' list_datas ']'
   39     | list_data
   40     | result '{' range ',' range '}'
   41     | result '{' range ',' string '}'

   42 fetch_key: string
   43          | '_'

   44 fetch_item: fetch_key pref_or_not

   45 fetch: fetch_item
   46      | fetch ',' fetch_key pref_or_not

   47 fetch_list: '(' fetch ')'
   48           | FETCH_VAR
   49           | fetch_item

   50 result: RESULT_VAR
   51       | QUERY fetch_list cond

   52 string: STRING
   53       | QUOTED_STRING

   54 value: INT
   55      | string

   56 filter_type: '='
   57            | '~'
   58            | '<'
   59            | '>'
   60            | '^'
   61            | LE_EQ
   62            | GR_EQ
   63            | NOT_EQ

   64 pref_or_not: pref
   65            | /* empty */

   66 cond: COND_VAR
   67     | '(' cond ')'
   68     | cond '&' cond
   69     | cond '|' cond
   70     | '!' cond
   71     | string filter_type value pref_or_not
   72     | filter_type value pref_or_not
   73     | '+' string pref_or_not
   74     | '+' pref_or_not


Terminals, with rules where they appear

$end (0) 0
'!' (33) 70
'&' (38) 68
'(' (40) 47 67
')' (41) 47 67
'+' (43) 73 74
',' (44) 22 23 36 40 41 46
'-' (45) 24 25 26 27
':' (58) 30 32
';' (59) 1 2
'<' (60) 58
'=' (61) 14 15 16 17 18 56
'>' (62) 59
'[' (91) 38
']' (93) 38
'^' (94) 60
'_' (95) 43
'{' (123) 40 41
'|' (124) 69
'}' (125) 40 41
'~' (126) 57
error (256)
STRING (258) 52
QUOTED_STRING (259) 53
COND_VAR (260) 14 66
LIST_VAR (261) 15 37
RESULT_VAR (262) 18 50
FETCH_VAR (263) 16 48
PREF_VAR (264) 17 31
INT (265) 24 25 26 28 54
INFO (266)
QUERY (267) 51
ADD (268) 22
DEL (269) 23
VARS (270) 12
SET (271) 19 20 21
HELP (272) 11
EXIT (273) 13
GR_EQ (274) 62
LE_EQ (275) 61
NOT_EQ (276) 63


Nonterminals, with rules where they appear

$accept (42)
    on left: 0
input (43)
    on left: 1 2, on right: 0 2
command (44)
    on left: 3 4 5 6 7 8 9 10 11 12 13 14 15 16 17 18, on right: 1
    2
set (45)
    on left: 19 20 21, on right: 10
add (46)
    on left: 22, on right: 8
del (47)
    on left: 23, on right: 9
range (48)
    on left: 24 25 26 27 28, on right: 40 41
pref_data (49)
    on left: 29 30, on right: 30 32
pref (50)
    on left: 31 32, on right: 17 64
list_data (51)
    on left: 33 34, on right: 35 36 39
list_datas (52)
    on left: 35 36, on right: 36 38
list (53)
    on left: 37 38 39 40 41, on right: 5 15 22 23
fetch_key (54)
    on left: 42 43, on right: 44 46
fetch_item (55)
    on left: 44, on right: 45 49
fetch (56)
    on left: 45 46, on right: 46 47
fetch_list (57)
    on left: 47 48 49, on right: 7 16 51
result (58)
    on left: 50 51, on right: 6 18 40 41
string (59)
    on left: 52 53, on right: 19 20 29 30 33 34 41 42 55 71 73
value (60)
    on left: 54 55, on right: 33 34 71 72
filter_type (61)
    on left: 56 57 58 59 60 61 62 63, on right: 71 72
pref_or_not (62)
    on left: 64 65, on right: 44 46 71 72 73 74
cond (63)
    on left: 66 67 68 69 70 71 72 73 74, on right: 4 14 51 67 68 69
    70


state 0

    0 $accept: . input $end

    STRING         shift, and go to state 1
    QUOTED_STRING  shift, and go to state 2
    COND_VAR       shift, and go to state 3
    LIST_VAR       shift, and go to state 4
    RESULT_VAR     shift, and go to state 5
    FETCH_VAR      shift, and go to state 6
    PREF_VAR       shift, and go to state 7
    QUERY          shift, and go to state 8
    ADD            shift, and go to state 9
    DEL            shift, and go to state 10
    VARS           shift, and go to state 11
    SET            shift, and go to state 12
    HELP           shift, and go to state 13
    EXIT           shift, and go to state 14
    GR_EQ          shift, and go to state 15
    LE_EQ          shift, and go to state 16
    NOT_EQ         shift, and go to state 17
    '!'            shift, and go to state 18
    '='            shift, and go to state 19
    '['            shift, and go to state 20
    '_'            shift, and go to state 21
    '('            shift, and go to state 22
    '~'            shift, and go to state 23
    '<'            shift, and go to state 24
    '>'            shift, and go to state 25
    '^'            shift, and go to state 26
    '+'            shift, and go to state 27

    $default  reduce using rule 3 (command)

    input        go to state 28
    command      go to state 29
    set          go to state 30
    add          go to state 31
    del          go to state 32
    list_data    go to state 33
    list         go to state 34
    fetch_key    go to state 35
    fetch_item   go to state 36
    fetch_list   go to state 37
    result       go to state 38
    string       go to state 39
    filter_type  go to state 40
    cond         go to state 41


state 1

   52 string: STRING .

    $default  reduce using rule 52 (string)


state 2

   53 string: QUOTED_STRING .

    $default  reduce using rule 53 (string)


state 3

   14 command: COND_VAR . '=' cond
   66 cond: COND_VAR .

    '='  shift, and go to state 42

    $default  reduce using rule 66 (cond)


state 4

   15 command: LIST_VAR . '=' list
   37 list: LIST_VAR .

    '='  shift, and go to state 43

    $default  reduce using rule 37 (list)


state 5

   18 command: RESULT_VAR . '=' result
   50 result: RESULT_VAR .

    '='  shift, and go to state 44

    $default  reduce using rule 50 (result)


state 6

   16 command: FETCH_VAR . '=' fetch_list
   48 fetch_list: FETCH_VAR .

    '='  shift, and go to state 45

    $default  reduce using rule 48 (fetch_list)


state 7

   17 command: PREF_VAR . '=' pref

    '='  shift, and go to state 46


state 8

   51 result: QUERY . fetch_list cond

    STRING         shift, and go to state 1
    QUOTED_STRING  shift, and go to state 2
    FETCH_VAR      shift, and go to state 47
    '_'            shift, and go to state 21
    '('            shift, and go to state 48

    fetch_key   go to state 35
    fetch_item  go to state 36
    fetch_list  go to state 49
    string      go to state 50


state 9

   22 add: ADD . list ',' list

    STRING         shift, and go to state 1
    QUOTED_STRING  shift, and go to state 2
    LIST_VAR       shift, and go to state 51
    RESULT_VAR     shift, and go to state 52
    QUERY          shift, and go to state 8
    '['            shift, and go to state 20

    list_data  go to state 33
    list       go to state 53
    result     go to state 54
    string     go to state 55


state 10

   23 del: DEL . list ',' list

    STRING         shift, and go to state 1
    QUOTED_STRING  shift, and go to state 2
    LIST_VAR       shift, and go to state 51
    RESULT_VAR     shift, and go to state 52
    QUERY          shift, and go to state 8
    '['            shift, and go to state 20

    list_data  go to state 33
    list       go to state 56
    result     go to state 54
    string     go to state 55


state 11

   12 command: VARS .

    $default  reduce using rule 12 (command)


state 12

   19 set: SET . string string
   20    | SET . string
   21    | SET .

    STRING         shift, and go to state 1
    QUOTED_STRING  shift, and go to state 2

    $default  reduce using rule 21 (set)

    string  go to state 57


state 13

   11 command: HELP .

    $default  reduce using rule 11 (command)


state 14

   13 command: EXIT .

    $default  reduce using rule 13 (command)


state 15

   62 filter_type: GR_EQ .

    $default  reduce using rule 62 (filter_type)


state 16

   61 filter_type: LE_EQ .

    $default  reduce using rule 61 (filter_type)


state 17

   63 filter_type: NOT_EQ .

    $default  reduce using rule 63 (filter_type)


state 18

   70 cond: '!' . cond

    STRING         shift, and go to state 1
    QUOTED_STRING  shift, and go to state 2
    COND_VAR       shift, and go to state 58
    GR_EQ          shift, and go to state 15
    LE_EQ          shift, and go to state 16
    NOT_EQ         shift, and go to state 17
    '!'            shift, and go to state 18
    '='            shift, and go to state 19
    '('            shift, and go to state 59
    '~'            shift, and go to state 23
    '<'            shift, and go to state 24
    '>'            shift, and go to state 25
    '^'            shift, and go to state 26
    '+'            shift, and go to state 27

    string       go to state 60
    filter_type  go to state 40
    cond         go to state 61


state 19

   56 filter_type: '=' .

    $default  reduce using rule 56 (filter_type)


state 20

   38 list: '[' . list_datas ']'

    STRING         shift, and go to state 1
    QUOTED_STRING  shift, and go to state 2

    list_data   go to state 62
    list_datas  go to state 63
    string      go to state 55


state 21

   43 fetch_key: '_' .

    $default  reduce using rule 43 (fetch_key)


state 22

   47 fetch_list: '(' . fetch ')'
   67 cond: '(' . cond ')'

    STRING         shift, and go to state 1
    QUOTED_STRING  shift, and go to state 2
    COND_VAR       shift, and go to state 58
    GR_EQ          shift, and go to state 15
    LE_EQ          shift, and go to state 16
    NOT_EQ         shift, and go to state 17
    '!'            shift, and go to state 18
    '='            shift, and go to state 19
    '_'            shift, and go to state 21
    '('            shift, and go to state 59
    '~'            shift, and go to state 23
    '<'            shift, and go to state 24
    '>'            shift, and go to state 25
    '^'            shift, and go to state 26
    '+'            shift, and go to state 27

    fetch_key    go to state 35
    fetch_item   go to state 64
    fetch        go to state 65
    string       go to state 66
    filter_type  go to state 40
    cond         go to state 67


state 23

   57 filter_type: '~' .

    $default  reduce using rule 57 (filter_type)


state 24

   58 filter_type: '<' .

    $default  reduce using rule 58 (filter_type)


state 25

   59 filter_type: '>' .

    $default  reduce using rule 59 (filter_type)


state 26

   60 filter_type: '^' .

    $default  reduce using rule 60 (filter_type)


state 27

   73 cond: '+' . string pref_or_not
   74     | '+' . pref_or_not

    STRING         shift, and go to state 1
    QUOTED_STRING  shift, and go to state 2
    PREF_VAR       shift, and go to state 68
    ':'            shift, and go to state 69

    $default  reduce using rule 65 (pref_or_not)

    pref         go to state 70
    string       go to state 71
    pref_or_not  go to state 72


state 28

    0 $accept: input . $end
    2 input: input . command ';'

    $end           shift, and go to state 73
    STRING         shift, and go to state 1
    QUOTED_STRING  shift, and go to state 2
    COND_VAR       shift, and go to state 3
    LIST_VAR       shift, and go to state 4
    RESULT_VAR     shift, and go to state 5
    FETCH_VAR      shift, and go to state 6
    PREF_VAR       shift, and go to state 7
    QUERY          shift, and go to state 8
    ADD            shift, and go to state 9
    DEL            shift, and go to state 10
    VARS           shift, and go to state 11
    SET            shift, and go to state 12
    HELP           shift, and go to state 13
    EXIT           shift, and go to state 14
    GR_EQ          shift, and go to state 15
    LE_EQ          shift, and go to state 16
    NOT_EQ         shift, and go to state 17
    '!'            shift, and go to state 18
    '='            shift, and go to state 19
    '['            shift, and go to state 20
    '_'            shift, and go to state 21
    '('            shift, and go to state 22
    '~'            shift, and go to state 23
    '<'            shift, and go to state 24
    '>'            shift, and go to state 25
    '^'            shift, and go to state 26
    '+'            shift, and go to state 27

    $default  reduce using rule 3 (command)

    command      go to state 74
    set          go to state 30
    add          go to state 31
    del          go to state 32
    list_data    go to state 33
    list         go to state 34
    fetch_key    go to state 35
    fetch_item   go to state 36
    fetch_list   go to state 37
    result       go to state 38
    string       go to state 39
    filter_type  go to state 40
    cond         go to state 41


state 29

    1 input: command . ';'

    ';'  shift, and go to state 75


state 30

   10 command: set .

    $default  reduce using rule 10 (command)


state 31

    8 command: add .

    $default  reduce using rule 8 (command)


state 32

    9 command: del .

    $default  reduce using rule 9 (command)


state 33

   39 list: list_data .

    $default  reduce using rule 39 (list)


state 34

    5 command: list .

    $default  reduce using rule 5 (command)


state 35

   44 fetch_item: fetch_key . pref_or_not

    PREF_VAR  shift, and go to state 68
    ':'       shift, and go to state 69

    $default  reduce using rule 65 (pref_or_not)

    pref         go to state 70
    pref_or_not  go to state 76


state 36

   49 fetch_list: fetch_item .

    $default  reduce using rule 49 (fetch_list)


state 37

    7 command: fetch_list .

    $default  reduce using rule 7 (command)


state 38

    6 command: result .
   40 list: result . '{' range ',' range '}'
   41     | result . '{' range ',' string '}'

    '{'  shift, and go to state 77

    $default  reduce using rule 6 (command)


state 39

   33 list_data: string . value string
   34          | string . value
   42 fetch_key: string .
   71 cond: string . filter_type value pref_or_not

    STRING         shift, and go to state 1
    QUOTED_STRING  shift, and go to state 2
    INT            shift, and go to state 78
    GR_EQ          shift, and go to state 15
    LE_EQ          shift, and go to state 16
    NOT_EQ         shift, and go to state 17
    '='            shift, and go to state 19
    '~'            shift, and go to state 23
    '<'            shift, and go to state 24
    '>'            shift, and go to state 25
    '^'            shift, and go to state 26

    $default  reduce using rule 42 (fetch_key)

    string       go to state 79
    value        go to state 80
    filter_type  go to state 81


state 40

   72 cond: filter_type . value pref_or_not

    STRING         shift, and go to state 1
    QUOTED_STRING  shift, and go to state 2
    INT            shift, and go to state 78

    string  go to state 79
    value   go to state 82


state 41

    4 command: cond .
   68 cond: cond . '&' cond
   69     | cond . '|' cond

    '|'  shift, and go to state 83
    '&'  shift, and go to state 84

    $default  reduce using rule 4 (command)


state 42

   14 command: COND_VAR '=' . cond

    STRING         shift, and go to state 1
    QUOTED_STRING  shift, and go to state 2
    COND_VAR       shift, and go to state 58
    GR_EQ          shift, and go to state 15
    LE_EQ          shift, and go to state 16
    NOT_EQ         shift, and go to state 17
    '!'            shift, and go to state 18
    '='            shift, and go to state 19
    '('            shift, and go to state 59
    '~'            shift, and go to state 23
    '<'            shift, and go to state 24
    '>'            shift, and go to state 25
    '^'            shift, and go to state 26
    '+'            shift, and go to state 27

    string       go to state 60
    filter_type  go to state 40
    cond         go to state 85


state 43

   15 command: LIST_VAR '=' . list

    STRING         shift, and go to state 1
    QUOTED_STRING  shift, and go to state 2
    LIST_VAR       shift, and go to state 51
    RESULT_VAR     shift, and go to state 52
    QUERY          shift, and go to state 8
    '['            shift, and go to state 20

    list_data  go to state 33
    list       go to state 86
    result     go to state 54
    string     go to state 55


state 44

   18 command: RESULT_VAR '=' . result

    RESULT_VAR  shift, and go to state 52
    QUERY       shift, and go to state 8

    result  go to state 87


state 45

   16 command: FETCH_VAR '=' . fetch_list

    STRING         shift, and go to state 1
    QUOTED_STRING  shift, and go to state 2
    FETCH_VAR      shift, and go to state 47
    '_'            shift, and go to state 21
    '('            shift, and go to state 48

    fetch_key   go to state 35
    fetch_item  go to state 36
    fetch_list  go to state 88
    string      go to state 50


state 46

   17 command: PREF_VAR '=' . pref

    PREF_VAR  shift, and go to state 68
    ':'       shift, and go to state 69

    pref  go to state 89


state 47

   48 fetch_list: FETCH_VAR .

    $default  reduce using rule 48 (fetch_list)


state 48

   47 fetch_list: '(' . fetch ')'

    STRING         shift, and go to state 1
    QUOTED_STRING  shift, and go to state 2
    '_'            shift, and go to state 21

    fetch_key   go to state 35
    fetch_item  go to state 64
    fetch       go to state 65
    string      go to state 50


state 49

   51 result: QUERY fetch_list . cond

    STRING         shift, and go to state 1
    QUOTED_STRING  shift, and go to state 2
    COND_VAR       shift, and go to state 58
    GR_EQ          shift, and go to state 15
    LE_EQ          shift, and go to state 16
    NOT_EQ         shift, and go to state 17
    '!'            shift, and go to state 18
    '='            shift, and go to state 19
    '('            shift, and go to state 59
    '~'            shift, and go to state 23
    '<'            shift, and go to state 24
    '>'            shift, and go to state 25
    '^'            shift, and go to state 26
    '+'            shift, and go to state 27

    string       go to state 60
    filter_type  go to state 40
    cond         go to state 90


state 50

   42 fetch_key: string .

    $default  reduce using rule 42 (fetch_key)


state 51

   37 list: LIST_VAR .

    $default  reduce using rule 37 (list)


state 52

   50 result: RESULT_VAR .

    $default  reduce using rule 50 (result)


state 53

   22 add: ADD list . ',' list

    ','  shift, and go to state 91


state 54

   40 list: result . '{' range ',' range '}'
   41     | result . '{' range ',' string '}'

    '{'  shift, and go to state 77


state 55

   33 list_data: string . value string
   34          | string . value

    STRING         shift, and go to state 1
    QUOTED_STRING  shift, and go to state 2
    INT            shift, and go to state 78

    string  go to state 79
    value   go to state 80


state 56

   23 del: DEL list . ',' list

    ','  shift, and go to state 92


state 57

   19 set: SET string . string
   20    | SET string .

    STRING         shift, and go to state 1
    QUOTED_STRING  shift, and go to state 2

    $default  reduce using rule 20 (set)

    string  go to state 93


state 58

   66 cond: COND_VAR .

    $default  reduce using rule 66 (cond)


state 59

   67 cond: '(' . cond ')'

    STRING         shift, and go to state 1
    QUOTED_STRING  shift, and go to state 2
    COND_VAR       shift, and go to state 58
    GR_EQ          shift, and go to state 15
    LE_EQ          shift, and go to state 16
    NOT_EQ         shift, and go to state 17
    '!'            shift, and go to state 18
    '='            shift, and go to state 19
    '('            shift, and go to state 59
    '~'            shift, and go to state 23
    '<'            shift, and go to state 24
    '>'            shift, and go to state 25
    '^'            shift, and go to state 26
    '+'            shift, and go to state 27

    string       go to state 60
    filter_type  go to state 40
    cond         go to state 67


state 60

   71 cond: string . filter_type value pref_or_not

    GR_EQ   shift, and go to state 15
    LE_EQ   shift, and go to state 16
    NOT_EQ  shift, and go to state 17
    '='     shift, and go to state 19
    '~'     shift, and go to state 23
    '<'     shift, and go to state 24
    '>'     shift, and go to state 25
    '^'     shift, and go to state 26

    filter_type  go to state 81


state 61

   68 cond: cond . '&' cond
   69     | cond . '|' cond
   70     | '!' cond .

    $default  reduce using rule 70 (cond)


state 62

   35 list_datas: list_data .

    $default  reduce using rule 35 (list_datas)


state 63

   36 list_datas: list_datas . ',' list_data
   38 list: '[' list_datas . ']'

    ','  shift, and go to state 94
    ']'  shift, and go to state 95


state 64

   45 fetch: fetch_item .

    $default  reduce using rule 45 (fetch)


state 65

   46 fetch: fetch . ',' fetch_key pref_or_not
   47 fetch_list: '(' fetch . ')'

    ','  shift, and go to state 96
    ')'  shift, and go to state 97


state 66

   42 fetch_key: string .
   71 cond: string . filter_type value pref_or_not

    GR_EQ   shift, and go to state 15
    LE_EQ   shift, and go to state 16
    NOT_EQ  shift, and go to state 17
    '='     shift, and go to state 19
    '~'     shift, and go to state 23
    '<'     shift, and go to state 24
    '>'     shift, and go to state 25
    '^'     shift, and go to state 26

    $default  reduce using rule 42 (fetch_key)

    filter_type  go to state 81


state 67

   67 cond: '(' cond . ')'
   68     | cond . '&' cond
   69     | cond . '|' cond

    '|'  shift, and go to state 83
    '&'  shift, and go to state 84
    ')'  shift, and go to state 98


state 68

   31 pref: PREF_VAR .

    $default  reduce using rule 31 (pref)


state 69

   32 pref: ':' . pref_data

    STRING         shift, and go to state 1
    QUOTED_STRING  shift, and go to state 2

    pref_data  go to state 99
    string     go to state 100


state 70

   64 pref_or_not: pref .

    $default  reduce using rule 64 (pref_or_not)


state 71

   73 cond: '+' string . pref_or_not

    PREF_VAR  shift, and go to state 68
    ':'       shift, and go to state 69

    $default  reduce using rule 65 (pref_or_not)

    pref         go to state 70
    pref_or_not  go to state 101


state 72

   74 cond: '+' pref_or_not .

    $default  reduce using rule 74 (cond)


state 73

    0 $accept: input $end .

    $default  accept


state 74

    2 input: input command . ';'

    ';'  shift, and go to state 102


state 75

    1 input: command ';' .

    $default  reduce using rule 1 (input)


state 76

   44 fetch_item: fetch_key pref_or_not .

    $default  reduce using rule 44 (fetch_item)


state 77

   40 list: result '{' . range ',' range '}'
   41     | result '{' . range ',' string '}'

    INT  shift, and go to state 103
    '-'  shift, and go to state 104

    range  go to state 105


state 78

   54 value: INT .

    $default  reduce using rule 54 (value)


state 79

   55 value: string .

    $default  reduce using rule 55 (value)


state 80

   33 list_data: string value . string
   34          | string value .

    STRING         shift, and go to state 1
    QUOTED_STRING  shift, and go to state 2

    $default  reduce using rule 34 (list_data)

    string  go to state 106


state 81

   71 cond: string filter_type . value pref_or_not

    STRING         shift, and go to state 1
    QUOTED_STRING  shift, and go to state 2
    INT            shift, and go to state 78

    string  go to state 79
    value   go to state 107


state 82

   72 cond: filter_type value . pref_or_not

    PREF_VAR  shift, and go to state 68
    ':'       shift, and go to state 69

    $default  reduce using rule 65 (pref_or_not)

    pref         go to state 70
    pref_or_not  go to state 108


state 83

   69 cond: cond '|' . cond

    STRING         shift, and go to state 1
    QUOTED_STRING  shift, and go to state 2
    COND_VAR       shift, and go to state 58
    GR_EQ          shift, and go to state 15
    LE_EQ          shift, and go to state 16
    NOT_EQ         shift, and go to state 17
    '!'            shift, and go to state 18
    '='            shift, and go to state 19
    '('            shift, and go to state 59
    '~'            shift, and go to state 23
    '<'            shift, and go to state 24
    '>'            shift, and go to state 25
    '^'            shift, and go to state 26
    '+'            shift, and go to state 27

    string       go to state 60
    filter_type  go to state 40
    cond         go to state 109


state 84

   68 cond: cond '&' . cond

    STRING         shift, and go to state 1
    QUOTED_STRING  shift, and go to state 2
    COND_VAR       shift, and go to state 58
    GR_EQ          shift, and go to state 15
    LE_EQ          shift, and go to state 16
    NOT_EQ         shift, and go to state 17
    '!'            shift, and go to state 18
    '='            shift, and go to state 19
    '('            shift, and go to state 59
    '~'            shift, and go to state 23
    '<'            shift, and go to state 24
    '>'            shift, and go to state 25
    '^'            shift, and go to state 26
    '+'            shift, and go to state 27

    string       go to state 60
    filter_type  go to state 40
    cond         go to state 110


state 85

   14 command: COND_VAR '=' cond .
   68 cond: cond . '&' cond
   69     | cond . '|' cond

    '|'  shift, and go to state 83
    '&'  shift, and go to state 84

    $default  reduce using rule 14 (command)


state 86

   15 command: LIST_VAR '=' list .

    $default  reduce using rule 15 (command)


state 87

   18 command: RESULT_VAR '=' result .

    $default  reduce using rule 18 (command)


state 88

   16 command: FETCH_VAR '=' fetch_list .

    $default  reduce using rule 16 (command)


state 89

   17 command: PREF_VAR '=' pref .

    $default  reduce using rule 17 (command)


state 90

   51 result: QUERY fetch_list cond .
   68 cond: cond . '&' cond
   69     | cond . '|' cond

    '|'  shift, and go to state 83
    '&'  shift, and go to state 84

    $default  reduce using rule 51 (result)


state 91

   22 add: ADD list ',' . list

    STRING         shift, and go to state 1
    QUOTED_STRING  shift, and go to state 2
    LIST_VAR       shift, and go to state 51
    RESULT_VAR     shift, and go to state 52
    QUERY          shift, and go to state 8
    '['            shift, and go to state 20

    list_data  go to state 33
    list       go to state 111
    result     go to state 54
    string     go to state 55


state 92

   23 del: DEL list ',' . list

    STRING         shift, and go to state 1
    QUOTED_STRING  shift, and go to state 2
    LIST_VAR       shift, and go to state 51
    RESULT_VAR     shift, and go to state 52
    QUERY          shift, and go to state 8
    '['            shift, and go to state 20

    list_data  go to state 33
    list       go to state 112
    result     go to state 54
    string     go to state 55


state 93

   19 set: SET string string .

    $default  reduce using rule 19 (set)


state 94

   36 list_datas: list_datas ',' . list_data

    STRING         shift, and go to state 1
    QUOTED_STRING  shift, and go to state 2

    list_data  go to state 113
    string     go to state 55


state 95

   38 list: '[' list_datas ']' .

    $default  reduce using rule 38 (list)


state 96

   46 fetch: fetch ',' . fetch_key pref_or_not

    STRING         shift, and go to state 1
    QUOTED_STRING  shift, and go to state 2
    '_'            shift, and go to state 21

    fetch_key  go to state 114
    string     go to state 50


state 97

   47 fetch_list: '(' fetch ')' .

    $default  reduce using rule 47 (fetch_list)


state 98

   67 cond: '(' cond ')' .

    $default  reduce using rule 67 (cond)


state 99

   30 pref_data: pref_data . ':' string
   32 pref: ':' pref_data .

    ':'  shift, and go to state 115

    $default  reduce using rule 32 (pref)


state 100

   29 pref_data: string .

    $default  reduce using rule 29 (pref_data)


state 101

   73 cond: '+' string pref_or_not .

    $default  reduce using rule 73 (cond)


state 102

    2 input: input command ';' .

    $default  reduce using rule 2 (input)


state 103

   24 range: INT . '-' INT
   25      | INT . '-'
   28      | INT .

    '-'  shift, and go to state 116

    $default  reduce using rule 28 (range)


state 104

   26 range: '-' . INT
   27      | '-' .

    INT  shift, and go to state 117

    $default  reduce using rule 27 (range)


state 105

   40 list: result '{' range . ',' range '}'
   41     | result '{' range . ',' string '}'

    ','  shift, and go to state 118


state 106

   33 list_data: string value string .

    $default  reduce using rule 33 (list_data)


state 107

   71 cond: string filter_type value . pref_or_not

    PREF_VAR  shift, and go to state 68
    ':'       shift, and go to state 69

    $default  reduce using rule 65 (pref_or_not)

    pref         go to state 70
    pref_or_not  go to state 119


state 108

   72 cond: filter_type value pref_or_not .

    $default  reduce using rule 72 (cond)


state 109

   68 cond: cond . '&' cond
   69     | cond . '|' cond
   69     | cond '|' cond .

    '&'  shift, and go to state 84

    $default  reduce using rule 69 (cond)


state 110

   68 cond: cond . '&' cond
   68     | cond '&' cond .
   69     | cond . '|' cond

    $default  reduce using rule 68 (cond)


state 111

   22 add: ADD list ',' list .

    $default  reduce using rule 22 (add)


state 112

   23 del: DEL list ',' list .

    $default  reduce using rule 23 (del)


state 113

   36 list_datas: list_datas ',' list_data .

    $default  reduce using rule 36 (list_datas)


state 114

   46 fetch: fetch ',' fetch_key . pref_or_not

    PREF_VAR  shift, and go to state 68
    ':'       shift, and go to state 69

    $default  reduce using rule 65 (pref_or_not)

    pref         go to state 70
    pref_or_not  go to state 120


state 115

   30 pref_data: pref_data ':' . string

    STRING         shift, and go to state 1
    QUOTED_STRING  shift, and go to state 2

    string  go to state 121


state 116

   24 range: INT '-' . INT
   25      | INT '-' .

    INT  shift, and go to state 122

    $default  reduce using rule 25 (range)


state 117

   26 range: '-' INT .

    $default  reduce using rule 26 (range)


state 118

   40 list: result '{' range ',' . range '}'
   41     | result '{' range ',' . string '}'

    STRING         shift, and go to state 1
    QUOTED_STRING  shift, and go to state 2
    INT            shift, and go to state 103
    '-'            shift, and go to state 104

    range   go to state 123
    string  go to state 124


state 119

   71 cond: string filter_type value pref_or_not .

    $default  reduce using rule 71 (cond)


state 120

   46 fetch: fetch ',' fetch_key pref_or_not .

    $default  reduce using rule 46 (fetch)


state 121

   30 pref_data: pref_data ':' string .

    $default  reduce using rule 30 (pref_data)


state 122

   24 range: INT '-' INT .

    $default  reduce using rule 24 (range)


state 123

   40 list: result '{' range ',' range . '}'

    '}'  shift, and go to state 125


state 124

   41 list: result '{' range ',' string . '}'

    '}'  shift, and go to state 126


state 125

   40 list: result '{' range ',' range '}' .

    $default  reduce using rule 40 (list)


state 126

   41 list: result '{' range ',' string '}' .

    $default  reduce using rule 41 (list)
